2022-04-14 11:15:23,844  INFO [main] ss:44 - URL opened
2022-04-14 11:15:23,979  INFO [main] ss:49 - Username entered
2022-04-14 11:15:24,052  INFO [main] ss:53 - password entered
2022-04-14 11:15:24,362  INFO [main] ss:57 - succesfully logged in
2022-04-14 11:15:29,460  INFO [main] ss:63 - Pin entered
2022-04-14 11:15:29,715  INFO [main] ss:65 - welcome to homepage
2022-04-14 12:41:52,654  INFO [TestNG-test=Test-1] ss:42 - url entered
2022-04-14 12:41:54,773  INFO [TestNG-test=Test-2] ss:44 - URL opened
2022-04-14 12:41:54,874  INFO [TestNG-test=Test-2] ss:49 - Username entered
2022-04-14 12:41:55,022  INFO [TestNG-test=Test-2] ss:53 - password entered
2022-04-14 12:41:55,113  INFO [TestNG-test=Test-2] ss:57 - succesfully logged in
2022-04-14 12:42:00,360  INFO [TestNG-test=Test-2] ss:63 - Pin entered
2022-04-14 12:42:00,542  INFO [TestNG-test=Test-2] ss:65 - welcome to homepage
2022-04-14 12:43:30,227  INFO [TestNG-test=Test-1] ss:42 - url entered
2022-04-14 12:43:33,369  INFO [TestNG-test=Test-2] ss:44 - URL opened
2022-04-14 12:43:33,479  INFO [TestNG-test=Test-2] ss:49 - Username entered
2022-04-14 12:43:33,573  INFO [TestNG-test=Test-2] ss:53 - password entered
2022-04-14 12:43:33,907  INFO [TestNG-test=Test-2] ss:57 - succesfully logged in
2022-04-14 12:43:38,981  INFO [TestNG-test=Test-2] ss:63 - Pin entered
2022-04-14 12:43:42,491  INFO [TestNG-test=Test-2] ss:65 - welcome to homepage
2022-04-14 12:46:30,116  INFO [TestNG-test=Test-1] ss:43 - url entered
2022-04-14 12:46:34,065  INFO [TestNG-test=Test-2] ss:45 - URL opened
2022-04-14 12:46:34,175  INFO [TestNG-test=Test-2] ss:50 - Username entered
2022-04-14 12:46:34,321  INFO [TestNG-test=Test-2] ss:54 - password entered
2022-04-14 12:46:34,693  INFO [TestNG-test=Test-2] ss:58 - succesfully logged in
2022-04-14 12:46:39,752  INFO [TestNG-test=Test-2] ss:64 - Pin entered
2022-04-14 12:46:42,295  INFO [TestNG-test=Test-2] ss:66 - welcome to homepage
2022-04-14 12:50:59,590  INFO [main] ss:43 - url entered
2022-04-14 12:51:14,244  INFO [main] ss:45 - URL opened
2022-04-14 12:51:14,335  INFO [main] ss:50 - Username entered
2022-04-14 12:51:14,462  INFO [main] ss:54 - password entered
2022-04-14 12:51:14,569  INFO [main] ss:58 - succesfully logged in
2022-04-14 12:51:19,655  INFO [main] ss:64 - Pin entered
2022-04-14 12:51:19,722  INFO [main] ss:66 - welcome to homepage
2022-04-14 12:51:27,786  INFO [main] ss:43 - url entered
2022-04-14 12:51:47,020  INFO [main] ss:45 - URL opened
2022-04-14 12:51:47,105  INFO [main] ss:50 - Username entered
2022-04-14 12:51:47,205  INFO [main] ss:54 - password entered
2022-04-14 12:51:47,538  INFO [main] ss:58 - succesfully logged in
2022-04-14 12:51:52,636  INFO [main] ss:64 - Pin entered
2022-04-14 12:51:54,726  INFO [main] ss:66 - welcome to homepage
2022-04-14 13:02:03,368  INFO [main] ss:45 - URL opened
2022-04-14 13:02:03,483  INFO [main] ss:50 - Username entered
2022-04-14 13:02:03,626  INFO [main] ss:54 - password entered
2022-04-14 13:02:03,709  INFO [main] ss:58 - succesfully logged in
2022-04-14 13:02:08,795  INFO [main] ss:64 - Pin entered
2022-04-14 13:02:08,859  INFO [main] ss:66 - welcome to homepage
2022-04-14 13:02:17,019  INFO [main] ss:43 - url entered
2022-04-14 13:02:32,197  INFO [main] ss:45 - URL opened
2022-04-14 13:02:32,288  INFO [main] ss:50 - Username entered
2022-04-14 13:02:32,411  INFO [main] ss:54 - password entered
2022-04-14 13:02:32,494  INFO [main] ss:58 - succesfully logged in
2022-04-14 13:02:37,571  INFO [main] ss:64 - Pin entered
2022-04-14 13:02:37,634  INFO [main] ss:66 - welcome to homepage
2022-04-14 13:03:08,559  INFO [main] ss:45 - URL opened
2022-04-14 13:03:08,674  INFO [main] ss:50 - Username entered
2022-04-14 13:03:08,806  INFO [main] ss:54 - password entered
2022-04-14 13:03:08,900  INFO [main] ss:58 - succesfully logged in
2022-04-14 13:03:13,982  INFO [main] ss:64 - Pin entered
2022-04-14 13:03:14,045  INFO [main] ss:66 - welcome to homepage
2022-04-14 13:03:22,341  INFO [main] ss:43 - url entered
2022-04-14 13:03:36,637  INFO [main] ss:45 - URL opened
2022-04-14 13:03:36,752  INFO [main] ss:50 - Username entered
2022-04-14 13:03:36,878  INFO [main] ss:54 - password entered
2022-04-14 13:03:37,010  INFO [main] ss:58 - succesfully logged in
2022-04-14 13:03:42,175  INFO [main] ss:64 - Pin entered
2022-04-14 13:03:42,243  INFO [main] ss:66 - welcome to homepage
2022-04-14 13:04:31,141  INFO [main] ss:45 - URL opened
2022-04-14 13:04:31,250  INFO [main] ss:50 - Username entered
2022-04-14 13:04:31,401  INFO [main] ss:54 - password entered
2022-04-14 13:04:31,489  INFO [main] ss:58 - succesfully logged in
2022-04-14 13:04:36,567  INFO [main] ss:64 - Pin entered
2022-04-14 13:04:36,628  INFO [main] ss:66 - welcome to homepage
2022-04-14 13:04:44,549  INFO [main] ss:43 - url entered
2022-04-14 13:05:00,736  INFO [main] ss:45 - URL opened
2022-04-14 13:05:00,829  INFO [main] ss:50 - Username entered
2022-04-14 13:05:00,980  INFO [main] ss:54 - password entered
2022-04-14 13:05:01,064  INFO [main] ss:58 - succesfully logged in
2022-04-14 13:05:06,148  INFO [main] ss:64 - Pin entered
2022-04-14 13:05:06,207  INFO [main] ss:66 - welcome to homepage
2022-04-14 13:05:17,990  INFO [main] ss:45 - URL opened
2022-04-14 13:05:18,081  INFO [main] ss:50 - Username entered
2022-04-14 13:05:18,148  INFO [main] ss:54 - password entered
2022-04-14 13:05:18,460  INFO [main] ss:58 - succesfully logged in
2022-04-14 13:05:23,556  INFO [main] ss:64 - Pin entered
2022-04-14 13:05:25,730  INFO [main] ss:66 - welcome to homepage
2022-04-14 13:05:54,499  INFO [main] ss:43 - url entered
2022-04-14 13:06:14,643  INFO [main] ss:45 - URL opened
2022-04-14 13:06:14,714  INFO [main] ss:50 - Username entered
2022-04-14 13:06:14,765  INFO [main] ss:54 - password entered
2022-04-14 13:06:15,075  INFO [main] ss:58 - succesfully logged in
2022-04-14 13:06:20,125  INFO [main] ss:64 - Pin entered
2022-04-14 13:06:22,370  INFO [main] ss:66 - welcome to homepage
2022-04-14 13:19:47,128  INFO [main] ss:50 - URL opened
2022-04-14 13:20:21,209  INFO [main] ss:50 - URL opened
2022-04-14 13:21:12,662  INFO [main] ss:45 - URL opened
2022-04-14 13:21:12,796  INFO [main] ss:50 - Username entered
2022-04-14 13:21:12,948  INFO [main] ss:54 - password entered
2022-04-14 13:21:13,042  INFO [main] ss:58 - succesfully logged in
2022-04-14 13:21:18,128  INFO [main] ss:64 - Pin entered
2022-04-14 13:21:18,217  INFO [main] ss:66 - welcome to homepage
2022-04-14 13:21:45,567  INFO [main] ss:43 - url entered
2022-04-14 13:22:02,919  INFO [main] ss:50 - URL opened
2022-04-14 13:22:23,445  INFO [main] ss:45 - URL opened
2022-04-14 13:22:23,536  INFO [main] ss:50 - Username entered
2022-04-14 13:22:23,587  INFO [main] ss:54 - password entered
2022-04-14 13:22:23,846  INFO [main] ss:58 - succesfully logged in
2022-04-14 13:22:28,935  INFO [main] ss:64 - Pin entered
2022-04-14 13:22:31,651  INFO [main] ss:66 - welcome to homepage
2022-04-14 13:23:11,970  INFO [main] ss:43 - url entered
2022-04-14 13:23:34,869  INFO [main] ss:50 - URL opened
2022-04-14 13:25:09,063  INFO [main] ss:50 - URL opened
2022-04-14 13:26:43,827  INFO [main] ss:50 - URL opened
2022-04-14 13:28:12,040  INFO [main] ss:50 - URL opened
2022-04-14 13:29:17,376  INFO [main] ss:50 - URL opened
2022-04-14 13:29:17,763  INFO [main] ss:55 - Username entered
2022-04-14 13:29:20,081  INFO [main] ss:59 - password entered
2022-04-14 13:29:22,296  INFO [main] ss:63 - succesfully logged in
2022-04-14 13:29:27,580  INFO [main] ss:69 - Pin entered
2022-04-14 13:29:27,662  INFO [main] ss:71 - welcome to homepage
2022-04-14 13:31:04,088  INFO [main] ss:50 - URL opened
2022-04-14 13:31:04,427  INFO [main] ss:55 - Username entered
2022-04-14 13:31:06,723  INFO [main] ss:59 - password entered
2022-04-14 13:31:08,948  INFO [main] ss:63 - succesfully logged in
2022-04-14 13:31:14,147  INFO [main] ss:69 - Pin entered
2022-04-14 13:31:14,206  INFO [main] ss:71 - welcome to homepage
2022-04-14 13:32:39,754  INFO [main] ss:50 - URL opened
2022-04-14 13:32:40,139  INFO [main] ss:55 - Username entered
2022-04-14 13:32:42,406  INFO [main] ss:59 - password entered
2022-04-14 13:32:44,652  INFO [main] ss:63 - succesfully logged in
2022-04-14 13:32:49,857  INFO [main] ss:69 - Pin entered
2022-04-14 13:32:49,919  INFO [main] ss:71 - welcome to homepage
2022-04-15 11:39:14,145  INFO [main] ss:55 - URL opened
2022-04-15 11:39:14,475  INFO [main] ss:60 - Username entered
2022-04-15 11:39:16,711  INFO [main] ss:64 - password entered
2022-04-15 11:39:18,914  INFO [main] ss:68 - succesfully logged in
2022-04-15 11:39:24,114  INFO [main] ss:74 - Pin entered
2022-04-15 11:39:24,178  INFO [main] ss:76 - welcome to homepage
2022-04-15 12:37:50,360  INFO [main] ss:47 - URL opened
2022-04-15 12:37:50,704  INFO [main] ss:52 - Username entered
2022-04-15 12:37:53,000  INFO [main] ss:56 - password entered
2022-04-15 12:37:55,259  INFO [main] ss:60 - succesfully logged in
2022-04-15 12:38:00,478  INFO [main] ss:66 - Pin entered
2022-04-15 12:38:00,536  INFO [main] ss:68 - welcome to homepage
2022-04-15 12:40:35,754  INFO [main] ss:47 - URL opened
2022-04-15 12:40:35,784  INFO [main] ss:47 - URL opened
2022-04-15 12:40:36,377  INFO [main] ss:52 - Username entered
2022-04-15 12:40:36,414  INFO [main] ss:52 - Username entered
2022-04-15 12:40:38,786  INFO [main] ss:56 - password entered
2022-04-15 12:40:38,868  INFO [main] ss:56 - password entered
2022-04-15 12:40:41,118  INFO [main] ss:60 - succesfully logged in
2022-04-15 12:40:41,192  INFO [main] ss:60 - succesfully logged in
2022-04-15 12:40:46,375  INFO [main] ss:66 - Pin entered
2022-04-15 12:40:46,472  INFO [main] ss:68 - welcome to homepage
2022-04-15 12:40:46,508  INFO [main] ss:66 - Pin entered
2022-04-15 12:40:46,647  INFO [main] ss:68 - welcome to homepage
2022-04-15 12:41:14,356  INFO [main] ss:47 - URL opened
2022-04-15 12:41:14,703  INFO [main] ss:52 - Username entered
2022-04-15 12:41:16,961  INFO [main] ss:56 - password entered
2022-04-15 12:41:19,182  INFO [main] ss:60 - succesfully logged in
2022-04-15 12:41:24,402  INFO [main] ss:66 - Pin entered
2022-04-15 12:41:24,467  INFO [main] ss:68 - welcome to homepage
2022-04-15 12:51:56,077  INFO [main] ss:47 - URL opened
2022-04-15 12:51:56,440  INFO [main] ss:52 - Username entered
2022-04-15 12:51:58,715  INFO [main] ss:56 - password entered
2022-04-15 12:52:00,945  INFO [main] ss:60 - succesfully logged in
2022-04-15 12:52:06,163  INFO [main] ss:66 - Pin entered
2022-04-15 12:52:06,224  INFO [main] ss:68 - welcome to homepage
2022-04-15 12:53:02,182  INFO [main] ss:47 - URL opened
2022-04-15 12:53:02,585  INFO [main] ss:52 - Username entered
2022-04-15 12:53:04,774  INFO [main] ss:56 - password entered
2022-04-15 12:53:07,142  INFO [main] ss:60 - succesfully logged in
2022-04-15 12:53:12,282  INFO [main] ss:66 - Pin entered
2022-04-15 12:53:14,297  INFO [main] ss:68 - welcome to homepage
2022-04-15 14:53:17,946  INFO [main] ss:47 - URL opened
2022-04-15 14:53:18,269  INFO [main] ss:52 - Username entered
2022-04-15 14:53:20,552  INFO [main] ss:56 - password entered
2022-04-15 14:53:22,786  INFO [main] ss:60 - succesfully logged in
2022-04-15 14:53:27,984  INFO [main] ss:66 - Pin entered
2022-04-15 14:53:28,045  INFO [main] ss:68 - welcome to homepage
2022-04-15 14:53:53,681  INFO [main] ss:47 - URL opened
2022-04-15 14:53:54,015  INFO [main] ss:52 - Username entered
2022-04-15 14:53:56,285  INFO [main] ss:56 - password entered
2022-04-15 14:53:58,486  INFO [main] ss:60 - succesfully logged in
2022-04-15 14:54:03,697  INFO [main] ss:66 - Pin entered
2022-04-15 14:54:03,758  INFO [main] ss:68 - welcome to homepage
2022-04-15 14:54:35,786  INFO [main] ss:47 - URL opened
2022-04-15 14:54:36,119  INFO [main] ss:52 - Username entered
2022-04-15 14:54:38,401  INFO [main] ss:56 - password entered
2022-04-15 14:54:40,605  INFO [main] ss:60 - succesfully logged in
2022-04-15 14:54:45,810  INFO [main] ss:66 - Pin entered
2022-04-15 14:54:45,869  INFO [main] ss:68 - welcome to homepage
2022-04-15 14:55:53,786  INFO [main] ss:47 - URL opened
2022-04-15 14:55:53,901  INFO [main] ss:52 - Username entered
2022-04-15 14:55:56,046  INFO [main] ss:56 - password entered
2022-04-15 14:55:58,193  INFO [main] ss:60 - succesfully logged in
2022-04-15 14:56:03,277  INFO [main] ss:66 - Pin entered
2022-04-15 14:56:03,342  INFO [main] ss:68 - welcome to homepage
2022-04-15 14:56:45,924  INFO [main] ss:47 - URL opened
2022-04-15 14:56:46,040  INFO [main] ss:52 - Username entered
2022-04-15 14:56:48,179  INFO [main] ss:56 - password entered
2022-04-15 14:56:50,339  INFO [main] ss:60 - succesfully logged in
2022-04-15 14:56:55,426  INFO [main] ss:66 - Pin entered
2022-04-15 14:56:55,491  INFO [main] ss:68 - welcome to homepage
2022-04-15 14:58:02,363  INFO [main] ss:47 - URL opened
2022-04-15 14:58:02,488  INFO [main] ss:52 - Username entered
2022-04-15 15:00:10,614  INFO [main] ss:47 - URL opened
2022-04-15 15:00:10,735  INFO [main] ss:52 - Username entered
2022-04-15 15:00:58,114  INFO [main] ss:47 - URL opened
2022-04-15 15:00:58,223  INFO [main] ss:52 - Username entered
2022-04-15 15:28:22,817  INFO [main] ss:47 - URL opened
2022-04-15 15:28:22,929  INFO [main] ss:52 - Username entered
2022-04-17 23:41:17,408  INFO [TestNG-test=Test-3] ss:47 - URL opened
2022-04-17 23:41:17,536  INFO [TestNG-test=Test-3] ss:52 - Username entered
2022-04-17 23:42:34,809  INFO [TestNG-test=Test-3] ss:47 - URL opened
2022-04-17 23:42:34,971  INFO [TestNG-test=Test-3] ss:52 - Username entered
2022-04-17 23:42:37,165  INFO [TestNG-test=Test-3] ss:56 - password entered
2022-04-17 23:42:39,329  INFO [TestNG-test=Test-3] ss:60 - succesfully logged in
2022-04-17 23:42:44,406  INFO [TestNG-test=Test-3] ss:66 - Pin entered
2022-04-17 23:42:44,468  INFO [TestNG-test=Test-3] ss:68 - welcome to homepage
2022-04-17 23:53:03,933  INFO [TestNG-test=chrome-2] ss:43 - url entered
2022-04-17 23:53:07,403  INFO [TestNG-test=chrome-3] ss:51 - URL opened
2022-04-17 23:53:07,625  INFO [TestNG-test=chrome-3] ss:56 - Username entered
2022-04-17 23:53:09,826  INFO [TestNG-test=chrome-3] ss:60 - password entered
2022-04-17 23:53:10,897  INFO [TestNG-test=chrome-1] ss:45 - URL opened
2022-04-17 23:53:11,019  INFO [TestNG-test=chrome-1] ss:50 - Username entered
2022-04-17 23:53:11,206  INFO [TestNG-test=chrome-1] ss:54 - password entered
2022-04-17 23:53:11,343  INFO [TestNG-test=chrome-1] ss:58 - succesfully logged in
2022-04-17 23:53:12,101  INFO [TestNG-test=chrome-3] ss:64 - succesfully logged in
2022-04-17 23:53:16,453  INFO [TestNG-test=chrome-1] ss:64 - Pin entered
2022-04-17 23:53:16,565  INFO [TestNG-test=chrome-1] ss:66 - welcome to homepage
2022-04-17 23:53:17,231  INFO [TestNG-test=chrome-3] ss:70 - Pin entered
2022-04-17 23:53:17,331  INFO [TestNG-test=chrome-3] ss:72 - welcome to homepage
2022-04-17 23:53:44,559  INFO [TestNG-test=Firefox-3] ss:51 - URL opened
2022-04-17 23:53:44,798  INFO [TestNG-test=Firefox-3] ss:56 - Username entered
2022-04-17 23:53:47,059  INFO [TestNG-test=Firefox-3] ss:60 - password entered
2022-04-17 23:53:49,520  INFO [TestNG-test=Firefox-3] ss:64 - succesfully logged in
2022-04-17 23:53:50,352  INFO [TestNG-test=Firefox-2] ss:43 - url entered
2022-04-17 23:53:54,243  INFO [TestNG-test=Firefox-1] ss:45 - URL opened
2022-04-17 23:53:54,367  INFO [TestNG-test=Firefox-1] ss:50 - Username entered
2022-04-17 23:53:54,460  INFO [TestNG-test=Firefox-1] ss:54 - password entered
2022-04-17 23:53:54,647  INFO [TestNG-test=Firefox-3] ss:70 - Pin entered
2022-04-17 23:53:54,768  INFO [TestNG-test=Firefox-3] ss:72 - welcome to homepage
2022-04-17 23:53:55,316  INFO [TestNG-test=Firefox-1] ss:58 - succesfully logged in
2022-04-17 23:54:00,380  INFO [TestNG-test=Firefox-1] ss:64 - Pin entered
2022-04-17 23:54:01,109  INFO [TestNG-test=Firefox-1] ss:66 - welcome to homepage
2022-04-17 23:55:46,347  INFO [main] ss:51 - URL opened
2022-04-17 23:55:46,474  INFO [main] ss:56 - Username entered
2022-04-17 23:55:48,618  INFO [main] ss:60 - password entered
2022-04-17 23:55:50,737  INFO [main] ss:64 - succesfully logged in
2022-04-17 23:55:55,840  INFO [main] ss:70 - Pin entered
2022-04-17 23:55:55,911  INFO [main] ss:72 - welcome to homepage
2022-04-17 23:56:02,198  INFO [main] ss:51 - URL opened
2022-04-17 23:56:02,311  INFO [main] ss:56 - Username entered
2022-04-17 23:56:04,470  INFO [main] ss:60 - password entered
2022-04-17 23:56:06,563  INFO [main] ss:64 - succesfully logged in
2022-04-17 23:56:11,648  INFO [main] ss:70 - Pin entered
2022-04-17 23:56:11,715  INFO [main] ss:72 - welcome to homepage
2022-04-20 12:57:06,639  INFO [main] ss:32 - opened URL
2022-04-20 12:57:07,644  INFO [main] ss:35 - username entered
2022-04-20 12:57:08,012  INFO [main] ss:37 - password entred
2022-04-20 12:57:08,391  INFO [main] ss:39 - Logged in succesfully
2022-04-20 12:57:10,588  INFO [main] ss:55 - browser closed
2022-04-20 13:06:33,032  INFO [main] ss:32 - opened URL
2022-04-20 13:06:33,294  INFO [main] ss:35 - username entered
2022-04-20 13:06:33,463  INFO [main] ss:37 - password entred
2022-04-20 13:06:33,806  INFO [main] ss:39 - Logged in succesfully
2022-04-20 13:06:34,703  INFO [main] ss:55 - browser closed
2022-04-20 13:08:39,021  INFO [main] ss:35 - URl Opened
2022-04-20 13:08:39,306  INFO [main] ss:38 - Usernmae entered
2022-04-20 13:08:39,506  INFO [main] ss:40 - password enetered
2022-04-20 13:08:39,703  INFO [main] ss:42 - Logged in succesfully
2022-04-20 13:08:39,781  INFO [main] ss:46 - dropdown selected
2022-04-20 13:08:39,863  INFO [main] ss:48 - logged out succesfully
2022-04-20 13:09:55,898  INFO [main] ss:35 - URl Opened
2022-04-20 13:09:56,186  INFO [main] ss:38 - Usernmae entered
2022-04-20 13:09:56,355  INFO [main] ss:40 - password enetered
2022-04-20 13:09:56,525  INFO [main] ss:42 - Logged in succesfully
2022-04-20 13:09:56,628  INFO [main] ss:46 - dropdown selected
2022-04-20 13:09:56,747  INFO [main] ss:48 - logged out succesfully
2022-04-20 13:11:17,491  INFO [main] ss:32 - opened URL
2022-04-20 13:11:18,077  INFO [main] ss:35 - username entered
2022-04-20 13:11:18,269  INFO [main] ss:37 - password entred
2022-04-20 13:11:18,480  INFO [main] ss:39 - Logged in succesfully
2022-04-20 13:11:19,487  INFO [main] ss:55 - browser closed
2022-04-20 19:23:35,821  INFO [main] ss:32 - opened URL
2022-04-20 19:23:36,482  INFO [main] ss:35 - username entered
2022-04-20 19:23:36,750  INFO [main] ss:37 - password entred
2022-04-20 19:23:36,971  INFO [main] ss:39 - Logged in succesfully
2022-04-20 19:23:38,163  INFO [main] ss:55 - browser closed
2022-04-26 13:06:06,773  INFO [main] ss:29 - URl Opened
2022-04-26 13:06:07,559  INFO [main] ss:34 - UserName entered
2022-04-26 13:06:07,744  INFO [main] ss:36 - Password enetered
2022-04-26 13:06:07,881  INFO [main] ss:38 - Succesfully logged in
2022-04-26 13:06:07,990  INFO [main] ss:48 - Test case passed
2022-04-26 13:06:08,732  INFO [main] ss:55 - url closed
2022-04-26 13:08:30,619  INFO [main] ss:30 - URl Opened
2022-04-26 13:08:31,245  INFO [main] ss:35 - UserName entered
2022-04-26 13:08:31,420  INFO [main] ss:37 - Password enetered
2022-04-26 13:08:31,534  INFO [main] ss:39 - Succesfully logged in
2022-04-26 13:08:31,640  INFO [main] ss:49 - Test case passed
2022-04-26 13:08:32,291  INFO [main] ss:56 - url closed
2022-04-26 13:08:56,626  INFO [main] ss:30 - URl Opened
2022-04-26 13:08:57,247  INFO [main] ss:35 - UserName entered
2022-04-26 13:08:57,400  INFO [main] ss:37 - Password enetered
2022-04-26 13:08:57,603  INFO [main] ss:39 - Succesfully logged in
2022-04-26 13:10:31,800  INFO [main] ss:30 - URl Opened
2022-04-26 13:10:32,526  INFO [main] ss:35 - UserName entered
2022-04-26 13:10:32,690  INFO [main] ss:37 - Password enetered
2022-04-26 13:10:32,814  INFO [main] ss:39 - Succesfully logged in
2022-04-26 13:11:32,445  INFO [main] ss:35 - URl Opened
2022-04-26 13:11:32,877  INFO [main] ss:38 - Usernmae entered
2022-04-26 13:11:33,059  INFO [main] ss:40 - password enetered
2022-04-26 13:11:33,290  INFO [main] ss:42 - Logged in succesfully
2022-04-26 13:11:33,391  INFO [main] ss:46 - dropdown selected
2022-04-26 13:11:33,512  INFO [main] ss:48 - logged out succesfully
2022-04-26 13:13:42,227  INFO [main] ss:30 - URl Opened
2022-04-26 13:13:42,944  INFO [main] ss:35 - UserName entered
2022-04-26 13:13:43,103  INFO [main] ss:37 - Password enetered
2022-04-26 13:13:43,214  INFO [main] ss:39 - Succesfully logged in
2022-04-26 13:13:44,022  INFO [main] ss:56 - url closed
2022-04-26 13:14:57,657  INFO [main] ss:30 - URl Opened
2022-04-26 13:14:58,465  INFO [main] ss:35 - UserName entered
2022-04-26 13:14:58,662  INFO [main] ss:37 - Password enetered
2022-04-26 13:14:58,858  INFO [main] ss:39 - Succesfully logged in
2022-04-26 13:14:59,929  INFO [main] ss:56 - url closed
2022-04-26 13:34:14,211  INFO [main] ss:30 - URl Opened
2022-04-26 13:34:14,958  INFO [main] ss:35 - UserName entered
2022-04-26 13:34:15,106  INFO [main] ss:37 - Password enetered
2022-04-26 13:34:15,223  INFO [main] ss:39 - Succesfully logged in
2022-04-26 13:36:28,937  INFO [main] ss:30 - URl Opened
2022-04-26 13:36:29,682  INFO [main] ss:35 - UserName entered
2022-04-26 13:36:29,842  INFO [main] ss:37 - Password enetered
2022-04-26 13:36:29,961  INFO [main] ss:39 - Succesfully logged in
2022-04-26 13:38:09,546  INFO [main] ss:30 - URl Opened
2022-04-26 13:38:10,353  INFO [main] ss:35 - UserName entered
2022-04-26 13:38:10,522  INFO [main] ss:37 - Password enetered
2022-04-26 13:38:10,654  INFO [main] ss:39 - Succesfully logged in
2022-04-26 13:38:41,991  INFO [main] ss:61 - url closed
2022-04-26 13:39:05,459  INFO [main] ss:30 - URl Opened
2022-04-26 13:39:06,117  INFO [main] ss:35 - UserName entered
2022-04-26 13:39:06,340  INFO [main] ss:37 - Password enetered
2022-04-26 13:39:06,464  INFO [main] ss:39 - Succesfully logged in
2022-04-26 13:39:39,006  INFO [main] ss:61 - url closed
2022-04-26 13:42:21,429  INFO [main] ss:30 - URl Opened
2022-04-26 13:42:21,697  INFO [main] ss:35 - UserName entered
2022-04-26 13:42:21,862  INFO [main] ss:37 - Password enetered
2022-04-26 13:42:21,962  INFO [main] ss:39 - Succesfully logged in
2022-04-26 13:43:22,196  INFO [main] ss:62 - url closed
2022-04-26 13:46:17,343  INFO [main] ss:30 - URl Opened
2022-04-26 13:46:17,596  INFO [main] ss:35 - UserName entered
2022-04-26 13:46:17,749  INFO [main] ss:37 - Password enetered
2022-04-26 13:46:17,850  INFO [main] ss:39 - Succesfully logged in
2022-04-26 13:46:58,973  INFO [main] ss:65 - url closed
2022-04-26 13:47:03,845  INFO [main] ss:30 - URl Opened
2022-04-26 13:47:04,546  INFO [main] ss:35 - UserName entered
2022-04-26 13:47:04,693  INFO [main] ss:37 - Password enetered
2022-04-26 13:47:04,798  INFO [main] ss:39 - Succesfully logged in
2022-04-26 13:47:15,324  INFO [main] ss:65 - url closed
2022-04-26 13:47:20,977  INFO [main] ss:30 - URl Opened
2022-04-26 13:47:21,691  INFO [main] ss:35 - UserName entered
2022-04-26 13:47:21,856  INFO [main] ss:37 - Password enetered
2022-04-26 13:47:21,957  INFO [main] ss:39 - Succesfully logged in
2022-04-26 13:47:35,986  INFO [main] ss:65 - url closed
2022-04-26 13:47:41,105  INFO [main] ss:30 - URl Opened
2022-04-26 13:47:41,631  INFO [main] ss:35 - UserName entered
2022-04-26 13:47:41,789  INFO [main] ss:37 - Password enetered
2022-04-26 13:47:41,881  INFO [main] ss:39 - Succesfully logged in
